app/build/intermediates/manifest_merge_blame_file/debug/manifest-merger-blame-debug-report.txt
1<?xml version="1.0" encoding="utf-8"?>
2<manifest xmlns:android="http://schemas.android.com/apk/res/android"
3    package="com.example.asylumescape"
4    android:versionCode="1"
5    android:versionName="1.0" >
6
7    <uses-sdk
8        android:minSdkVersion="15"
8-->src\main\AndroidManifest.xml
9        android:targetSdkVersion="29" />
9-->src\main\AndroidManifest.xml
10
11    <application
11-->src\main\AndroidManifest.xml:5:5-64:19
12        android:allowBackup="true"
12-->src\main\AndroidManifest.xml:6:9-35
13        android:appComponentFactory="androidx.core.app.CoreComponentFactory"
13-->[androidx.core:core:1.3.1] AndroidManifest.xml:24:18-86
14        android:debuggable="true"
15        android:icon="@drawable/icon"
15-->src\main\AndroidManifest.xml:7:9-38
16        android:label="@string/app_name"
16-->src\main\AndroidManifest.xml:8:9-41
17        android:roundIcon="@drawable/icon"
17-->src\main\AndroidManifest.xml:9:9-43
18        android:supportsRtl="true"
18-->src\main\AndroidManifest.xml:10:9-35
19        android:testOnly="true"
20        android:theme="@style/Theme.AppCompat.NoActionBar" >
20-->src\main\AndroidManifest.xml:11:9-59
21        <activity android:name="com.example.asylumescape.RENotSafe4" />
21-->src\main\AndroidManifest.xml:12:9-57
21-->src\main\AndroidManifest.xml:12:19-45
22        <activity android:name="com.example.asylumescape.RENotSafe3" />
22-->src\main\AndroidManifest.xml:13:9-48
22-->src\main\AndroidManifest.xml:13:19-45
23        <activity android:name="com.example.asylumescape.RENotSafe2" />
23-->src\main\AndroidManifest.xml:14:9-48
23-->src\main\AndroidManifest.xml:14:19-45
24        <activity
24-->src\main\AndroidManifest.xml:15:9-17:52
25            android:name="com.example.asylumescape.GameHome"
25-->src\main\AndroidManifest.xml:16:13-37
26            android:screenOrientation="portrait" />
26-->src\main\AndroidManifest.xml:17:13-49
27        <activity
27-->src\main\AndroidManifest.xml:18:9-20:52
28            android:name="com.example.asylumescape.MirroredCardsHome"
28-->src\main\AndroidManifest.xml:19:13-46
29            android:screenOrientation="portrait" />
29-->src\main\AndroidManifest.xml:20:13-49
30        <activity
30-->src\main\AndroidManifest.xml:21:9-23:52
31            android:name="com.example.asylumescape.MirroredCardsGame"
31-->src\main\AndroidManifest.xml:22:13-46
32            android:screenOrientation="portrait" />
32-->src\main\AndroidManifest.xml:23:13-49
33        <activity
33-->src\main\AndroidManifest.xml:24:9-26:52
34            android:name="com.example.asylumescape.RENotSuccessful"
34-->src\main\AndroidManifest.xml:25:13-44
35            android:screenOrientation="portrait" />
35-->src\main\AndroidManifest.xml:26:13-49
36        <activity
36-->src\main\AndroidManifest.xml:27:9-29:52
37            android:name="com.example.asylumescape.RESuccessful"
37-->src\main\AndroidManifest.xml:28:13-41
38            android:screenOrientation="portrait" />
38-->src\main\AndroidManifest.xml:29:13-49
39        <activity
39-->src\main\AndroidManifest.xml:30:9-32:52
40            android:name="com.example.asylumescape.RENotSafe"
40-->src\main\AndroidManifest.xml:31:13-38
41            android:screenOrientation="portrait" />
41-->src\main\AndroidManifest.xml:32:13-49
42        <activity
42-->src\main\AndroidManifest.xml:33:9-35:52
43            android:name="com.example.asylumescape.RESafe"
43-->src\main\AndroidManifest.xml:34:13-35
44            android:screenOrientation="portrait" />
44-->src\main\AndroidManifest.xml:35:13-49
45        <activity
45-->src\main\AndroidManifest.xml:36:9-38:52
46            android:name="com.example.asylumescape.ReflexEscapeHome"
46-->src\main\AndroidManifest.xml:37:13-45
47            android:screenOrientation="portrait" />
47-->src\main\AndroidManifest.xml:38:13-49
48        <activity
48-->src\main\AndroidManifest.xml:39:9-41:52
49            android:name="com.example.asylumescape.ReflexEscapeGame"
49-->src\main\AndroidManifest.xml:40:13-45
50            android:screenOrientation="portrait" />
50-->src\main\AndroidManifest.xml:41:13-49
51        <activity
51-->src\main\AndroidManifest.xml:42:9-44:52
52            android:name="com.example.asylumescape.MCLeaderboard"
52-->src\main\AndroidManifest.xml:43:13-42
53            android:screenOrientation="portrait" />
53-->src\main\AndroidManifest.xml:44:13-49
54        <activity
54-->src\main\AndroidManifest.xml:45:9-47:52
55            android:name="com.example.asylumescape.RELeaderboard"
55-->src\main\AndroidManifest.xml:46:13-42
56            android:screenOrientation="portrait" />
56-->src\main\AndroidManifest.xml:47:13-49
57        <activity
57-->src\main\AndroidManifest.xml:48:9-50:52
58            android:name="com.example.asylumescape.Leaderboards"
58-->src\main\AndroidManifest.xml:49:13-41
59            android:screenOrientation="portrait" />
59-->src\main\AndroidManifest.xml:50:13-49
60        <activity
60-->src\main\AndroidManifest.xml:51:9-59:20
61            android:name="com.example.asylumescape.MainActivity"
61-->src\main\AndroidManifest.xml:52:13-41
62            android:screenOrientation="portrait" >
62-->src\main\AndroidManifest.xml:53:13-49
63            <intent-filter>
63-->src\main\AndroidManifest.xml:54:13-58:29
64                <action android:name="android.intent.action.MAIN" />
64-->src\main\AndroidManifest.xml:55:17-69
64-->src\main\AndroidManifest.xml:55:25-66
65
66                <category android:name="android.intent.category.LAUNCHER" />
66-->src\main\AndroidManifest.xml:57:17-77
66-->src\main\AndroidManifest.xml:57:27-74
67            </intent-filter>
68        </activity>
69
70        <meta-data
70-->src\main\AndroidManifest.xml:61:9-63:57
71            android:name="preloaded_fonts"
71-->src\main\AndroidManifest.xml:62:13-43
72            android:resource="@array/preloaded_fonts" />
72-->src\main\AndroidManifest.xml:63:13-54
73    </application>
74
75</manifest>